0 info it worked if it ends with ok
1 verbose cli [ '/usr/local/bin/node',
1 verbose cli   '/usr/local/bin/npm',
1 verbose cli   'install',
1 verbose cli   '-g',
1 verbose cli   '@angular/cli' ]
2 info using npm@1.4.29
3 info using node@v0.10.43
4 warn deprecated This version of npm lacks support for important features,
5 warn deprecated such as scoped packages, offered by the primary npm
6 warn deprecated registry. Consider upgrading to at least npm@2, if not the
7 warn deprecated latest stable version. To upgrade to npm@2, run:
8 warn deprecated npm -g install npm@latest-2
9 warn deprecated To upgrade to the latest stable version, run:
10 warn deprecated npm -g install npm@latest
11 warn deprecated (Depending on how Node.js was installed on your system, you
12 warn deprecated may need to prefix the preceding commands with `sudo`, or if
13 warn deprecated on Windows, run them from an Administrator prompt.)
14 warn deprecated If you're running the version of npm bundled with
15 warn deprecated Node.js 0.10 LTS, be aware that the next version of 0.10 LTS
16 warn deprecated will be bundled with a version of npm@2, which has some small
17 warn deprecated backwards-incompatible changes made to `npm run-script` and
18 warn deprecated semver behavior.
19 verbose cache add [ '@angular/cli', null ]
20 verbose cache add name=undefined spec="@angular/cli" args=["@angular/cli",null]
21 error Error: This version of npm doesn't support scoped packages (caused by reference to @angular/cli). Update to npm@2+.
21 error     at add (/usr/local/lib/node_modules/npm/lib/cache.js:248:15)
21 error     at Function.cache.add (/usr/local/lib/node_modules/npm/lib/cache.js:208:10)
21 error     at resolver (/usr/local/lib/node_modules/npm/lib/install.js:712:11)
21 error     at /usr/local/lib/node_modules/npm/node_modules/slide/lib/async-map.js:52:35
21 error     at Array.forEach (native)
21 error     at /usr/local/lib/node_modules/npm/node_modules/slide/lib/async-map.js:52:11
21 error     at Array.forEach (native)
21 error     at asyncMap (/usr/local/lib/node_modules/npm/node_modules/slide/lib/async-map.js:51:8)
21 error     at /usr/local/lib/node_modules/npm/lib/install.js:579:5
21 error     at /usr/local/lib/node_modules/npm/lib/install.js:251:21
22 error If you need help, you may report this *entire* log,
22 error including the npm and node versions, at:
22 error     <http://github.com/npm/npm/issues>
23 error System Linux 4.4.0-130-generic
24 error command "/usr/local/bin/node" "/usr/local/bin/npm" "install" "-g" "@angular/cli"
25 error cwd /home/bev/fullstack-master
26 error node -v v0.10.43
27 error npm -v 1.4.29
28 verbose exit [ 1, true ]
